[21:32:24] [main/INFO] (FabricLoader/GameProvider) Loading Minecraft 1.18.1 with Fabric Loader 0.12.12
[21:32:24] [main/DEBUG] (FabricLoader/GameRemap) Requesting deobfuscation of {client=/home/donutjonut/.gradle/caches/fabric-loom/1.18.1/net.fabricmc.yarn.1_18_1.1.18.1+build.12-v2/minecraft-mapped.jar}
[21:32:24] [main/DEBUG] (FabricLoader/GamePatch) Found game constructor: net.minecraft.client.main.Main -> net.minecraft.client.MinecraftClient
[21:32:24] [main/DEBUG] (FabricLoader/GamePatch) Patching game constructor <init>(Lnet/minecraft/client/RunArgs;)V
[21:32:24] [main/DEBUG] (FabricLoader/GamePatch) Run directory field is thought to be net/minecraft/client/MinecraftClient/runDirectory
[21:32:24] [main/DEBUG] (FabricLoader/GamePatch) Applying brand name hook to net/minecraft/client/ClientBrandRetriever::getClientModName
[21:32:24] [main/DEBUG] (FabricLoader/GamePatch) Applying brand name hook to net/minecraft/server/MinecraftServer::getServerModName
[21:32:24] [main/DEBUG] (FabricLoader/GamePatch) Patched 3 classs
[21:32:24] [main/DEBUG] (FabricLoader/Discovery) Mod discovery time: 32.7 ms
[21:32:24] [main/DEBUG] (FabricLoader/Resolution) Mod resolution time: 42.8 ms
[21:32:24] [main/INFO] (FabricLoader) Loading 4 mods:
	- aclient 1.0.0
	- fabricloader 0.12.12
	- java 17
	- minecraft 1.18.1
[21:32:24] [main/DEBUG] (FabricLoader/Knot) Adding /home/donutjonut/Documents/code/AmongClient/build/resources/main to classpath.
[21:32:24] [main/DEBUG] (FabricLoader/Knot) Adding /home/donutjonut/Documents/code/AmongClient/build/classes/java/main to classpath.
[21:32:24] [main/DEBUG] (FabricLoader/Entrypoint) Registering new-style initializer me.donutjonut.amongClient.AmongClient for mod aclient (key main)
[21:32:24] [main/DEBUG] (FabricLoader/Mixin) Mixin bootstrap service org.spongepowered.asm.service.mojang.MixinServiceLaunchWrapperBootstrap is not available: LaunchWrapper is not available
[21:32:24] [main/DEBUG] (FabricLoader/Mixin) Mixin bootstrap service org.spongepowered.asm.service.modlauncher.MixinServiceModLauncherBootstrap is not available: ModLauncher is not available
[21:32:24] [main/DEBUG] (FabricLoader/Mixin) MixinService [Knot/Fabric] was successfully booted in jdk.internal.loader.ClassLoaders$AppClassLoader@251a69d7
[21:32:24] [main/INFO] (FabricLoader/Mixin) SpongePowered MIXIN Subsystem Version=0.8.4 Source=file:/home/donutjonut/.gradle/caches/modules-2/files-2.1/net.fabricmc/sponge-mixin/0.10.7+mixin.0.8.4/7a4ca9d54d9ae564dea0363d668036a8420ed9b8/sponge-mixin-0.10.7+mixin.0.8.4.jar Service=Knot/Fabric Env=CLIENT
[21:32:24] [main/DEBUG] (FabricLoader/Mixin) Error cleaning class output directory: .mixin.out
[21:32:24] [main/DEBUG] (FabricLoader/Mixin) Initialising Mixin Platform Manager
[21:32:24] [main/DEBUG] (FabricLoader/Mixin) Adding mixin platform agents for container ContainerHandleURI(file:/home/donutjonut/Documents/code/AmongClient/.gradle/loom-cache/remapped_mods/net_fabricmc_yarn_1_18_1_1_18_1_build_12_v2/net/fabricmc/fabric-loader/0.12.12/fabric-loader-0.12.12.jar)
[21:32:24] [main/DEBUG] (FabricLoader/Mixin) Instancing new MixinPlatformAgentDefault for ContainerHandleURI(file:/home/donutjonut/Documents/code/AmongClient/.gradle/loom-cache/remapped_mods/net_fabricmc_yarn_1_18_1_1_18_1_build_12_v2/net/fabricmc/fabric-loader/0.12.12/fabric-loader-0.12.12.jar)
[21:32:24] [main/DEBUG] (FabricLoader/Mixin) MixinPlatformAgentDefault accepted container ContainerHandleURI(file:/home/donutjonut/Documents/code/AmongClient/.gradle/loom-cache/remapped_mods/net_fabricmc_yarn_1_18_1_1_18_1_build_12_v2/net/fabricmc/fabric-loader/0.12.12/fabric-loader-0.12.12.jar)
[21:32:24] [main/DEBUG] (FabricLoader/Mixin) Instancing new MixinPlatformAgentDefault for ContainerHandleURI(file:/home/donutjonut/Documents/code/AmongClient/.gradle/loom-cache/remapped_mods/net_fabricmc_yarn_1_18_1_1_18_1_build_12_v2/net/fabricmc/fabric-loader/0.12.12/fabric-loader-0.12.12.jar)
[21:32:24] [main/DEBUG] (FabricLoader/Mixin) MixinPlatformAgentDefault accepted container ContainerHandleURI(file:/home/donutjonut/Documents/code/AmongClient/.gradle/loom-cache/remapped_mods/net_fabricmc_yarn_1_18_1_1_18_1_build_12_v2/net/fabricmc/fabric-loader/0.12.12/fabric-loader-0.12.12.jar)
[21:32:24] [main/DEBUG] (FabricLoader/Mixin) Processing prepare() for PlatformAgent[MixinPlatformAgentDefault:ContainerHandleURI(file:/home/donutjonut/Documents/code/AmongClient/.gradle/loom-cache/remapped_mods/net_fabricmc_yarn_1_18_1_1_18_1_build_12_v2/net/fabricmc/fabric-loader/0.12.12/fabric-loader-0.12.12.jar)]
[21:32:24] [main/DEBUG] (FabricLoader/Mixin) Processing prepare() for PlatformAgent[MixinPlatformAgentDefault:ContainerHandleURI(file:/home/donutjonut/Documents/code/AmongClient/.gradle/loom-cache/remapped_mods/net_fabricmc_yarn_1_18_1_1_18_1_build_12_v2/net/fabricmc/fabric-loader/0.12.12/fabric-loader-0.12.12.jar)]
[21:32:24] [main/DEBUG] (FabricLoader/Mappings) Loading mappings took 343 ms
[21:32:25] [main/INFO] (FabricLoader/Mixin) Loaded Fabric development mappings for mixin remapper!
[21:32:25] [main/DEBUG] (FabricLoader/Mixin) Mixin config aclient.mixins.json does not specify "minVersion" property
[21:32:25] [main/DEBUG] (FabricLoader/Knot) Adding /home/donutjonut/.gradle/caches/fabric-loom/1.18.1/net.fabricmc.yarn.1_18_1.1.18.1+build.12-v2/minecraft-mapped.jar to classpath.
[21:32:25] [main/DEBUG] (FabricLoader/Entrypoint) No subscribers for entrypoint 'preLaunch'
[21:32:25] [main/DEBUG] (FabricLoader/Mixin) Preparing mixins for MixinEnvironment[DEFAULT]
[21:32:25] [main/DEBUG] (FabricLoader/Mixin) Selecting config aclient.mixins.json
[21:32:25] [main/DEBUG] (FabricLoader/Mixin) Preparing aclient.mixins.json (0)
[21:32:25] [main/DEBUG] (io.netty.util.internal.logging.InternalLoggerFactory) Using SLF4J as the default logging framework
[21:32:25] [main/DEBUG] (io.netty.util.ResourceLeakDetector) -Dio.netty.leakDetection.level: simple
[21:32:25] [main/DEBUG] (io.netty.util.ResourceLeakDetector) -Dio.netty.leakDetection.targetRecords: 4
[21:32:25] [main/DEBUG] (oshi.util.FileUtil) Reading file /proc/cpuinfo
[21:32:25] [main/DEBUG] (oshi.util.FileUtil) Reading file /proc/cpuinfo
[21:32:25] [main/DEBUG] (oshi.util.FileUtil) Reading file /proc/meminfo
[21:32:25] [main/DEBUG] (oshi.util.FileUtil) Reading file /proc/meminfo
[21:32:36] [Render thread/INFO] (com.mojang.authlib.yggdrasil.YggdrasilAuthenticationService) Environment: authHost='https://authserver.mojang.com', accountsHost='https://api.mojang.com', sessionHost='https://sessionserver.mojang.com', servicesHost='https://api.minecraftservices.com', name='PROD'
[21:32:36] [Render thread/DEBUG] (com.mojang.authlib.minecraft.client.MinecraftClient) Connecting to https://api.minecraftservices.com/player/attributes
[21:32:37] [Render thread/ERROR] (net.minecraft.client.MinecraftClient) Failed to verify authentication
com.mojang.authlib.exceptions.InvalidCredentialsException: Status: 401
	at com.mojang.authlib.exceptions.MinecraftClientHttpException.toAuthenticationException(MinecraftClientHttpException.java:56) ~[authlib-3.2.38.jar:?]
	at com.mojang.authlib.yggdrasil.YggdrasilUserApiService.fetchProperties(YggdrasilUserApiService.java:132) ~[authlib-3.2.38.jar:?]
	at com.mojang.authlib.yggdrasil.YggdrasilUserApiService.<init>(YggdrasilUserApiService.java:44) ~[authlib-3.2.38.jar:?]
	at com.mojang.authlib.yggdrasil.YggdrasilAuthenticationService.createUserApiService(YggdrasilAuthenticationService.java:153) ~[authlib-3.2.38.jar:?]
	at net.minecraft.client.MinecraftClient.createUserApiService(MinecraftClient.java:670) [minecraft-mapped.jar:?]
	at net.minecraft.client.MinecraftClient.<init>(MinecraftClient.java:424) [minecraft-mapped.jar:?]
	at net.minecraft.client.main.Main.main(Main.java:199) [minecraft-mapped.jar:?]
	at jdk.internal.reflect.NativeMethodAccessorImpl.invoke0(Native Method) ~[?:?]
	at jdk.internal.reflect.NativeMethodAccessorImpl.invoke(NativeMethodAccessorImpl.java:77) ~[?:?]
	at jdk.internal.reflect.DelegatingMethodAccessorImpl.invoke(DelegatingMethodAccessorImpl.java:43) ~[?:?]
	at java.lang.reflect.Method.invoke(Method.java:568) ~[?:?]
	at net.fabricmc.loader.impl.game.minecraft.MinecraftGameProvider.launch(MinecraftGameProvider.java:608) [fabric-loader-0.12.12.jar:?]
	at net.fabricmc.loader.impl.launch.knot.Knot.launch(Knot.java:77) [fabric-loader-0.12.12.jar:?]
	at net.fabricmc.loader.impl.launch.knot.KnotClient.main(KnotClient.java:23) [fabric-loader-0.12.12.jar:?]
	at net.fabricmc.devlaunchinjector.Main.main(Main.java:86) [dev-launch-injector-0.2.1+build.8.jar:?]
Caused by: com.mojang.authlib.exceptions.MinecraftClientHttpException: Status: 401
	at com.mojang.authlib.minecraft.client.MinecraftClient.readInputStream(MinecraftClient.java:78) ~[authlib-3.2.38.jar:?]
	at com.mojang.authlib.minecraft.client.MinecraftClient.get(MinecraftClient.java:48) ~[authlib-3.2.38.jar:?]
	at com.mojang.authlib.yggdrasil.YggdrasilUserApiService.fetchProperties(YggdrasilUserApiService.java:113) ~[authlib-3.2.38.jar:?]
	... 13 more
[21:32:37] [Render thread/INFO] (net.minecraft.client.MinecraftClient) Setting user: Player419
[21:32:37] [Render thread/DEBUG] (FabricLoader/Entrypoint) Iterating over entrypoint 'main'
[21:32:37] [Render thread/INFO] (me.donutjonut.amongClient.AmongClient) [Among Client] Initializing
[21:32:38] [Render thread/INFO] (net.minecraft.util.logging.LoggerPrintStream) [STDOUT]: api_option=paste&api_paste_private=1&api_paste_code=amongus&api_dev_key=O7OMEPUGKxururpk5ax4tzXYg9kpbR-5
[21:32:39] [Render thread/INFO] (me.donutjonut.amongClient.AmongClient) [Among Client] IMPOSTER VALUE: amongus
[21:32:39] [Render thread/DEBUG] (FabricLoader/Entrypoint) No subscribers for entrypoint 'client'
[21:32:39] [Render thread/INFO] (net.minecraft.client.MinecraftClient) Backend library: LWJGL version 3.2.2 build 10
[21:32:40] [Render thread/DEBUG] (oshi.util.FileUtil) Reading file /proc/cpuinfo
[21:32:40] [Render thread/DEBUG] (oshi.util.FileUtil) Reading file /proc/cpuinfo
[21:32:41] [Render thread/DEBUG] (com.mojang.blaze3d.systems.RenderSystem) Growing IndexBuffer: Old limit 0, new limit 9360.
[21:32:41] [Render thread/DEBUG] (com.mojang.blaze3d.systems.RenderSystem) Growing IndexBuffer: Old limit 0, new limit 20.
[21:32:42] [Render thread/DEBUG] (io.netty.util.internal.InternalThreadLocalMap) -Dio.netty.threadLocalMap.stringBuilder.initialSize: 1024
[21:32:42] [Render thread/DEBUG] (io.netty.util.internal.InternalThreadLocalMap) -Dio.netty.threadLocalMap.stringBuilder.maxSize: 4096
[21:32:42] [Render thread/DEBUG] (io.netty.util.internal.ThreadLocalRandom) -Dio.netty.initialSeedUniquifier: 0x6707b9b8809ff6fa
[21:32:42] [Render thread/WARN] (com.mojang.text2speech.NarratorLinux) ERROR : Couldn't load Narrator library : Unable to load library 'fliteWrapper':
libflite.so.1: cannot open shared object file: No such file or directory
libflite.so.1: cannot open shared object file: No such file or directory
Native library (linux-x86-64/libfliteWrapper.so) not found in resource path (/home/donutjonut/Documents/code/AmongClient/build/classes/java/main:/home/donutjonut/Documents/code/AmongClient/build/resources/main:/home/donutjonut/.gradle/caches/modules-2/files-2.1/net.fabricmc/tiny-mappings-parser/0.3.0+build.17/2f10540a290e382a7cd35c16ec3900046a4e252/tiny-mappings-parser-0.3.0+build.17.jar:/home/donutjonut/.gradle/caches/modules-2/files-2.1/net.fabricmc/sponge-mixin/0.10.7+mixin.0.8.4/7a4ca9d54d9ae564dea0363d668036a8420ed9b8/sponge-mixin-0.10.7+mixin.0.8.4.jar:/home/donutjonut/.gradle/caches/modules-2/files-2.1/net.fabricmc/tiny-remapper/0.6.0/f933e87da52f2e36f73ddfe5401f1029937d4118/tiny-remapper-0.6.0.jar:/home/donutjonut/.gradle/caches/modules-2/files-2.1/net.fabricmc/access-widener/2.0.1/ef3d217a193b22d6dde944ccd4af525a89096b2f/access-widener-2.0.1.jar:/home/donutjonut/.gradle/caches/modules-2/files-2.1/org.ow2.asm/asm/9.2/81a03f76019c67362299c40e0ba13405f5467bff/asm-9.2.jar:/home/donutjonut/.gradle/caches/modules-2/files-2.1/org.ow2.asm/asm-analysis/9.2/7487dd756daf96cab9986e44b9d7bcb796a61c10/asm-analysis-9.2.jar:/home/donutjonut/.gradle/caches/modules-2/files-2.1/org.ow2.asm/asm-commons/9.2/f4d7f0fc9054386f2893b602454d48e07d4fbead/asm-commons-9.2.jar:/home/donutjonut/.gradle/caches/modules-2/files-2.1/org.ow2.asm/asm-tree/9.2/d96c99a30f5e1a19b0e609dbb19a44d8518ac01e/asm-tree-9.2.jar:/home/donutjonut/.gradle/caches/modules-2/files-2.1/org.ow2.asm/asm-util/9.2/fbc178fc5ba3dab50fd7e8a5317b8b647c8e8946/asm-util-9.2.jar:/home/donutjonut/.gradle/caches/modules-2/files-2.1/com.mojang/blocklist/1.0.6/7039c2c6209064ee4132cea7a0737b63b92c725e/blocklist-1.0.6.jar:/home/donutjonut/.gradle/caches/modules-2/files-2.1/com.mojang/patchy/2.1.6/ce112c16c6275fdfff2d30208533ec906a191f71/patchy-2.1.6.jar:/home/donutjonut/.gradle/caches/modules-2/files-2.1/com.github.oshi/oshi-core/5.8.2/3a4c610d5991654009653e55b3204065441e2f0d/oshi-core-5.8.2.jar:/home/donutjonut/.gradle/caches/modules-2/files-2.1/net.java.dev.jna/jna/5.9.0/8f503e6d9b500ceff299052d6be75b38c7257758/jna-5.9.0.jar:/home/donutjonut/.gradle/caches/modules-2/files-2.1/net.java.dev.jna/jna-platform/5.9.0/c535a5bda553d7d7690356c825010da74b2671b5/jna-platform-5.9.0.jar:/home/donutjonut/.gradle/caches/modules-2/files-2.1/org.slf4j/slf4j-api/1.8.0-beta4/83b0359d847ee053d745be7ec0d8e9e8a44304b4/slf4j-api-1.8.0-beta4.jar:/home/donutjonut/.gradle/caches/modules-2/files-2.1/org.apache.logging.log4j/log4j-slf4j18-impl/2.14.1/312b4d91b21160b9fab43600fa787f31e8cab930/log4j-slf4j18-impl-2.14.1.jar:/home/donutjonut/.gradle/caches/modules-2/files-2.1/com.ibm.icu/icu4j/69.1/ff666ac55986650893aacb9e2e0003538e9799c0/icu4j-69.1.jar:/home/donutjonut/.gradle/caches/modules-2/files-2.1/com.mojang/javabridge/1.2.24/c876796229b2ef5120f186eab5acc870699d3b9/javabridge-1.2.24.jar:/home/donutjonut/.gradle/caches/modules-2/files-2.1/net.sf.jopt-simple/jopt-simple/5.0.4/4fdac2fbe92dfad86aa6e9301736f6b4342a3f5c/jopt-simple-5.0.4.jar:/home/donutjonut/.gradle/caches/modules-2/files-2.1/io.netty/netty-all/4.1.68.Final/b8266a3c93c1c051109f71d3449e5dcd5d60b333/netty-all-4.1.68.Final.jar:/home/donutjonut/.gradle/caches/modules-2/files-2.1/com.google.guava/failureaccess/1.0.1/1dcf1de382a0bf95a3d8b0849546c88bac1292c9/failureaccess-1.0.1.jar:/home/donutjonut/.gradle/caches/modules-2/files-2.1/com.google.guava/guava/31.0.1-jre/119ea2b2bc205b138974d351777b20f02b92704b/guava-31.0.1-jre.jar:/home/donutjonut/.gradle/caches/modules-2/files-2.1/org.apache.commons/commons-lang3/3.12.0/c6842c86792ff03b9f1d1fe2aab8dc23aa6c6f0e/commons-lang3-3.12.0.jar:/home/donutjonut/.gradle/caches/modules-2/files-2.1/commons-io/commons-io/2.11.0/a2503f302b11ebde7ebc3df41daebe0e4eea3689/commons-io-2.11.0.jar:/home/donutjonut/.gradle/caches/modules-2/files-2.1/commons-codec/commons-codec/1.15/49d94806b6e3dc933dacbd8acb0fdbab8ebd1e5d/commons-codec-1.15.jar:/home/donutjonut/.gradle/caches/modules-2/files-2.1/com.mojang/brigadier/1.0.18/c1ef1234282716483c92183f49bef47b1a89bfa9/brigadier-1.0.18.jar:/home/donutjonut/.gradle/caches/modules-2/files-2.1/com.mojang/datafixerupper/4.0.26/ebd6690f33871ccee9b6132c6480668ee2e35020/datafixerupper-4.0.26.jar:/home/donutjonut/.gradle/caches/modules-2/files-2.1/com.google.code.gson/gson/2.8.8/431fc3cbc0ff81abdbfde070062741089c3ba874/gson-2.8.8.jar:/home/donutjonut/.gradle/caches/modules-2/files-2.1/com.mojang/authlib/3.2.38/7bba19e34be22fded9ceb409ca1e8fb7525daf55/authlib-3.2.38.jar:/home/donutjonut/.gradle/caches/modules-2/files-2.1/org.apache.commons/commons-compress/1.21/4ec95b60d4e86b5c95a0e919cb172a0af98011ef/commons-compress-1.21.jar:/home/donutjonut/.gradle/caches/modules-2/files-2.1/org.apache.httpcomponents/httpclient/4.5.13/e5f6cae5ca7ecaac1ec2827a9e2d65ae2869cada/httpclient-4.5.13.jar:/home/donutjonut/.gradle/caches/modules-2/files-2.1/commons-logging/commons-logging/1.2/4bfc12adfe4842bf07b657f0369c4cb522955686/commons-logging-1.2.jar:/home/donutjonut/.gradle/caches/modules-2/files-2.1/org.apache.httpcomponents/httpcore/4.4.14/9dd1a631c082d92ecd4bd8fd4cf55026c720a8c1/httpcore-4.4.14.jar:/home/donutjonut/.gradle/caches/modules-2/files-2.1/it.unimi.dsi/fastutil/8.5.6/76f95700418a68fbc4ac050525261f05dc681ca1/fastutil-8.5.6.jar:/home/donutjonut/.gradle/caches/modules-2/files-2.1/org.apache.logging.log4j/log4j-api/2.14.1/cd8858fbbde69f46bce8db1152c18a43328aae78/log4j-api-2.14.1.jar:/home/donutjonut/.gradle/caches/modules-2/files-2.1/org.apache.logging.log4j/log4j-core/2.14.1/9141212b8507ab50a45525b545b39d224614528b/log4j-core-2.14.1.jar:/home/donutjonut/.gradle/caches/modules-2/files-2.1/org.lwjgl/lwjgl/3.2.2/8ad6294407e15780b43e84929c40e4c5e997972e/lwjgl-3.2.2.jar:/home/donutjonut/.gradle/caches/modules-2/files-2.1/org.lwjgl/lwjgl-jemalloc/3.2.2/ee8e57a79300f78294576d87c4a587f8c99402e2/lwjgl-jemalloc-3.2.2.jar:/home/donutjonut/.gradle/caches/modules-2/files-2.1/org.lwjgl/lwjgl-openal/3.2.2/2b772a102b0a11ee5f2109a5b136f4dc7c630827/lwjgl-openal-3.2.2.jar:/home/donutjonut/.gradle/caches/modules-2/files-2.1/org.lwjgl/lwjgl-opengl/3.2.2/6ac5bb88b44c43ea195a570aab059f63da004cd8/lwjgl-opengl-3.2.2.jar:/home/donutjonut/.gradle/caches/modules-2/files-2.1/org.lwjgl/lwjgl-glfw/3.2.2/d3ad4df38e400b8afba1de63f84338809399df5b/lwjgl-glfw-3.2.2.jar:/home/donutjonut/.gradle/caches/modules-2/files-2.1/org.lwjgl/lwjgl-stb/3.2.2/3b8e6ebc5851dd3d17e37e5cadce2eff2a429f0f/lwjgl-stb-3.2.2.jar:/home/donutjonut/.gradle/caches/modules-2/files-2.1/org.lwjgl/lwjgl-tinyfd/3.2.2/fcbe606c8f8da6f8f9a05e2c540eb1ee8632b0e9/lwjgl-tinyfd-3.2.2.jar:/home/donutjonut/.gradle/caches/modules-2/files-2.1/com.mojang/text2speech/1.11.3/f378f889797edd7df8d32272c06ca80a1b6b0f58/text2speech-1.11.3.jar:/home/donutjonut/.gradle/caches/modules-2/files-2.1/ca.weblite/java-objc-bridge/1.0.0/6ef160c3133a78de015830860197602ca1c855d3/java-objc-bridge-1.0.0.jar:/home/donutjonut/.gradle/caches/fabric-loom/1.18.1/net.fabricmc.yarn.1_18_1.1.18.1+build.12-v2/minecraft-mapped.jar:/home/donutjonut/Documents/code/AmongClient/.gradle/loom-cache/remapped_mods/net_fabricmc_yarn_1_18_1_1_18_1_build_12_v2/net/fabricmc/fabric-loader/0.12.12/fabric-loader-0.12.12.jar:/home/donutjonut/.gradle/caches/fabric-loom/1.18.1/net.fabricmc.yarn.1_18_1.1.18.1+build.12-v2/mappings.jar:/home/donutjonut/.gradle/caches/modules-2/files-2.1/net.fabricmc/dev-launch-injector/0.2.1+build.8/da8bef7e6e2f952da707f282bdb46882a0fce5e3/dev-launch-injector-0.2.1+build.8.jar:/home/donutjonut/.gradle/caches/modules-2/files-2.1/net.minecrell/terminalconsoleappender/1.2.0/96d02cd3b384ff015a8fef4223bcb4ccf1717c95/terminalconsoleappender-1.2.0.jar:/home/donutjonut/.gradle/caches/modules-2/files-2.1/org.jline/jline-reader/3.12.1/4382ab1382c7b6f379377ed5f665dc2f6e1218bc/jline-reader-3.12.1.jar:/home/donutjonut/.gradle/caches/modules-2/files-2.1/org.jline/jline-terminal/3.12.1/c777448314e050d980a6b697c140f3bfe9eb7416/jline-terminal-3.12.1.jar)
[21:32:42] [Render thread/INFO] (net.minecraft.resource.ReloadableResourceManagerImpl) Reloading ResourceManager: Default
[21:32:42] [Render thread/INFO] (net.minecraft.client.MinecraftClient) Stopping!
[21:32:43] [Render thread/ERROR] (net.minecraft.client.MinecraftClient) Shutdown failure!
java.util.ConcurrentModificationException: null
	at java.util.HashMap.forEach(HashMap.java:1424) ~[?:?]
	at net.minecraft.client.texture.TextureManager.close(TextureManager.java:173) ~[minecraft-mapped.jar:?]
	at net.minecraft.client.MinecraftClient.close(MinecraftClient.java:1043) [minecraft-mapped.jar:?]
	at net.minecraft.client.MinecraftClient.stop(MinecraftClient.java:1022) [minecraft-mapped.jar:?]
	at net.minecraft.client.main.Main.main(Main.java:254) [minecraft-mapped.jar:?]
	at jdk.internal.reflect.NativeMethodAccessorImpl.invoke0(Native Method) ~[?:?]
	at jdk.internal.reflect.NativeMethodAccessorImpl.invoke(NativeMethodAccessorImpl.java:77) ~[?:?]
	at jdk.internal.reflect.DelegatingMethodAccessorImpl.invoke(DelegatingMethodAccessorImpl.java:43) ~[?:?]
	at java.lang.reflect.Method.invoke(Method.java:568) ~[?:?]
	at net.fabricmc.loader.impl.game.minecraft.MinecraftGameProvider.launch(MinecraftGameProvider.java:608) [fabric-loader-0.12.12.jar:?]
	at net.fabricmc.loader.impl.launch.knot.Knot.launch(Knot.java:77) [fabric-loader-0.12.12.jar:?]
	at net.fabricmc.loader.impl.launch.knot.KnotClient.main(KnotClient.java:23) [fabric-loader-0.12.12.jar:?]
	at net.fabricmc.devlaunchinjector.Main.main(Main.java:86) [dev-launch-injector-0.2.1+build.8.jar:?]
